14:44:16.646 [JettyServerThreadPool-25] INFO  LOGINS - Login success
14:45:50.703 [JettyServerThreadPool-25] INFO  LOGINS - Login successnullnull
14:53:12.503 [JettyServerThreadPool-25] INFO  LOGINS - UserTertiaryTyranthas successfully logged in
14:53:24.278 [JettyServerThreadPool-20] INFO  LOGINS - UserTertiaryTyranthas successfully logged in
14:55:58.963 [JettyServerThreadPool-29] INFO  LOGINS - UserTertiaryTyranthas successfully logged in
15:10:19.011 [JettyServerThreadPool-31] INFO  LOGINS - UserIndenturedServant123has successfully logged in
15:10:23.109 [JettyServerThreadPool-16] INFO  LOGINS - UserIndenturedServant123has successfully logged in
15:11:46.862 [JettyServerThreadPool-18] INFO  LOGINS - UserIndenturedServant123has successfully logged in
15:11:53.553 [JettyServerThreadPool-17] INFO  LOGINS - UserIndenturedServant123has successfully logged in
15:12:25.164 [JettyServerThreadPool-15] INFO  LOGINS - UserIndenturedServant123has successfully logged in
15:14:18.757 [JettyServerThreadPool-32] INFO  LOGINS - UserIndenturedServant123has successfully logged in
15:17:53.950 [JettyServerThreadPool-35] INFO  LOGINS - UserTertiaryTyranthas successfully logged in
15:18:50.085 [JettyServerThreadPool-29] INFO  LOGINS - UserTertiaryTyranthas successfully logged in
15:19:48.489 [JettyServerThreadPool-31] INFO  LOGINS - UserTertiaryTyranthas successfully logged in
15:20:59.162 [JettyServerThreadPool-16] INFO  LOGINS - UserTertiaryTyranthas successfully logged in
15:21:05.349 [JettyServerThreadPool-16] INFO  LOGINS - UserTertiaryTyranthas successfully logged in
15:22:13.208 [JettyServerThreadPool-17] INFO  LOGINS - UserTertiaryTyranthas successfully logged in
15:23:31.006 [JettyServerThreadPool-32] INFO  LOGINS - UserTertiaryTyranthas successfully logged in
15:24:55.197 [JettyServerThreadPool-25] INFO  LOGINS - UserTertiaryTyranthas successfully logged in
15:25:04.890 [JettyServerThreadPool-25] INFO  LOGINS - UserTertiaryTyranthas successfully logged in
15:26:44.280 [JettyServerThreadPool-40] INFO  LOGINS - UserTertiaryTyranthas successfully logged in
15:27:28.991 [JettyServerThreadPool-41] INFO  LOGINS - UserTertiaryTyranthas successfully logged in
15:28:03.306 [JettyServerThreadPool-31] INFO  LOGINS - UserTertiaryTyranthas successfully logged in
15:28:43.441 [JettyServerThreadPool-17] INFO  LOGINS - UserTertiaryTyranthas successfully logged in
15:31:38.868 [JettyServerThreadPool-44] INFO  LOGINS - UserIndenturedServant123has successfully logged in
15:31:52.432 [JettyServerThreadPool-43] INFO  LOGINS - UserTertiaryTyranthas successfully logged in
15:33:03.645 [JettyServerThreadPool-32] INFO  LOGINS - UserTertiaryTyranthas successfully logged in
15:33:34.781 [JettyServerThreadPool-14] INFO  LOGINS - UserTertiaryTyranthas successfully logged in
15:34:01.904 [JettyServerThreadPool-14] INFO  LOGINS - UserTertiaryTyranthas successfully logged in
15:36:16.900 [JettyServerThreadPool-14] INFO  LOGINS - UserTertiaryTyranthas successfully logged in
15:38:24.623 [JettyServerThreadPool-47] INFO  LOGINS - UserTertiaryTyranthas successfully logged in
15:38:31.045 [JettyServerThreadPool-14] INFO  LOGINS - UserTertiaryTyranthas successfully logged in
15:39:15.645 [JettyServerThreadPool-17] INFO  LOGINS - UserTertiaryTyranthas successfully logged in
15:39:48.376 [JettyServerThreadPool-39] INFO  LOGINS - UserTertiaryTyranthas successfully logged in
15:49:29.652 [JettyServerThreadPool-49] INFO  LOGINS - UserTertiaryTyranthas successfully logged in
15:50:04.358 [JettyServerThreadPool-32] INFO  LOGINS - UserTertiaryTyranthas successfully logged in
15:51:52.588 [JettyServerThreadPool-49] INFO  LOGINS - UserTertiaryTyranthas successfully logged in
15:52:34.841 [JettyServerThreadPool-41] INFO  LOGINS - UserTertiaryTyranthas successfully logged in
15:53:49.045 [JettyServerThreadPool-14] INFO  LOGINS - UserTertiaryTyranthas successfully logged in
15:54:26.343 [JettyServerThreadPool-17] INFO  LOGINS - UserTertiaryTyranthas successfully logged in
15:54:39.861 [JettyServerThreadPool-17] INFO  LOGINS - UserIndenturedServant123has successfully logged in
15:55:47.565 [JettyServerThreadPool-43] INFO  LOGINS - UserTertiaryTyranthas successfully logged in
15:56:43.559 [JettyServerThreadPool-48] INFO  LOGINS - UserTertiaryTyranthas successfully logged in
15:57:17.287 [JettyServerThreadPool-36] INFO  LOGINS - UserTertiaryTyranthas successfully logged in
15:57:47.422 [JettyServerThreadPool-36] INFO  LOGINS - UserTertiaryTyranthas successfully logged in
15:59:26.039 [JettyServerThreadPool-54] INFO  LOGINS - UserTertiaryTyranthas successfully logged in
16:00:46.466 [JettyServerThreadPool-41] INFO  LOGINS - UserTertiaryTyranthas successfully logged in
16:00:58.779 [JettyServerThreadPool-48] INFO  LOGINS - UserTertiaryTyranthas successfully logged in
16:01:49.103 [JettyServerThreadPool-14] INFO  LOGINS - UserTertiaryTyranthas successfully logged in
16:03:01.336 [JettyServerThreadPool-17] INFO  LOGINS - UserTertiaryTyranthas successfully logged in
16:07:57.164 [JettyServerThreadPool-25] INFO  LOGINS - UserTertiaryTyranthas successfully logged in
16:08:32.292 [JettyServerThreadPool-16] INFO  LOGINS - UserTertiaryTyranthas successfully logged in
16:09:10.074 [JettyServerThreadPool-20] INFO  LOGINS - UserTertiaryTyranthas successfully logged in
16:11:10.259 [JettyServerThreadPool-29] INFO  LOGINS - UserTertiaryTyranthas successfully logged in
16:11:42.088 [JettyServerThreadPool-18] INFO  LOGINS - UserTertiaryTyranthas successfully logged in
16:12:47.265 [JettyServerThreadPool-15] INFO  LOGINS - UserTertiaryTyranthas successfully logged in
16:13:36.922 [JettyServerThreadPool-18] INFO  LOGINS - UserTertiaryTyranthas successfully logged in
16:19:14.539 [JettyServerThreadPool-34] INFO  LOGINS - UserTertiaryTyranthas successfully logged in
16:22:02.523 [JettyServerThreadPool-43] INFO  LOGINS - UserTertiaryTyranthas successfully logged in
16:23:06.619 [JettyServerThreadPool-44] INFO  LOGINS - UserTertiaryTyranthas successfully logged in
16:23:34.363 [JettyServerThreadPool-44] INFO  LOGINS - UserTertiaryTyranthas successfully logged in
16:24:19.424 [JettyServerThreadPool-13] INFO  LOGINS - UserTertiaryTyranthas successfully logged in
16:25:20.366 [JettyServerThreadPool-34] INFO  LOGINS - UserTertiaryTyranthas successfully logged in
16:27:35.213 [JettyServerThreadPool-41] INFO  LOGINS - UserTertiaryTyranthas successfully logged in
16:30:57.485 [JettyServerThreadPool-33] INFO  LOGINS - UserTertiaryTyranthas successfully logged in
16:33:53.707 [JettyServerThreadPool-18] INFO  LOGINS - UserTertiaryTyranthas successfully logged in
16:35:39.687 [JettyServerThreadPool-18] INFO  LOGINS - UserTertiaryTyranthas successfully logged in
16:36:08.315 [JettyServerThreadPool-41] INFO  LOGINS - UserTertiaryTyranthas successfully logged in
16:36:39.838 [JettyServerThreadPool-40] INFO  LOGINS - UserTertiaryTyranthas successfully logged in
16:36:58.115 [JettyServerThreadPool-40] INFO  LOGINS - UserTertiaryTyranthas successfully logged in
18:06:21.418 [JettyServerThreadPool-16] INFO  LOGINS - UserTertiaryTyranthas successfully logged in
18:06:48.619 [JettyServerThreadPool-25] INFO  LOGINS - UserTertiaryTyranthas successfully logged in
18:11:01.668 [JettyServerThreadPool-29] INFO  LOGINS - UserTertiaryTyranthas successfully logged in
18:11:21.578 [JettyServerThreadPool-25] INFO  LOGINS - UserTertiaryTyranthas successfully logged in
18:13:27.361 [JettyServerThreadPool-18] INFO  LOGINS - UserIndenturedServant123has successfully logged in
18:16:52.050 [JettyServerThreadPool-15] INFO  LOGINS - UserIndenturedServant123has successfully logged in
18:17:01.708 [JettyServerThreadPool-30] INFO  LOGINS - UserIndenturedServant123has successfully logged in
18:17:04.122 [JettyServerThreadPool-16] INFO  LOGINS - UserIndenturedSesrvant123has successfully logged in
18:17:07.797 [JettyServerThreadPool-30] INFO  LOGINS - UserIndenturedServant123has successfully logged in
18:24:42.090 [JettyServerThreadPool-33] INFO  LOGINS - UserIndenturedServant123has successfully logged in
18:31:32.618 [JettyServerThreadPool-18] INFO  LOGINS - UserTertiaryTyranthas successfully logged in
18:34:48.189 [JettyServerThreadPool-31] INFO  LOGINS - UserTertiaryTyranthas successfully logged in
